<?xml version="1.0" encoding="UTF-8"?>
<!-- Generated by org.testng.reporters.JUnitReportReporter -->
<testsuite hostname="swapnil-PC" failures="0" tests="5" name="com.phpTravels.qa.testcases.HomePageTest" time="108.129" errors="0" timestamp="28 Jan 2020 20:41:16 GMT" skipped="0">
  <testcase classname="com.phpTravels.qa.testcases.HomePageTest" name="quickHomePageHotelLinkPageTest" time="2.375"/>
  <testcase classname="com.phpTravels.qa.testcases.HomePageTest" name="HotelLinkPageTest" time="9.098"/>
  <testcase classname="com.phpTravels.qa.testcases.HomePageTest" name="selectCheckinDateTest" time="15.338"/>
  <testcase classname="com.phpTravels.qa.testcases.HomePageTest" name="searchHoteslsTest" time="45.530"/>
  <testcase classname="com.phpTravels.qa.testcases.HomePageTest" name="namePriceHoteslsTest" time="35.788"/>
</testsuite> <!-- com.phpTravels.qa.testcases.HomePageTest -->
