<?xml version="1.0" encoding="UTF-8"?>
<!-- Generated by org.testng.reporters.JUnitReportReporter -->
<testsuite hostname="swapnil-PC" failures="0" tests="4" name="com.phpTravels.qa.testcases.HomePageTest" time="24.195" errors="0" timestamp="27 Jan 2020 20:47:45 GMT" skipped="0">
  <testcase classname="com.phpTravels.qa.testcases.HomePageTest" name="quickHomePageHotelLinkPageTest" time="1.061"/>
  <testcase classname="com.phpTravels.qa.testcases.HomePageTest" name="HotelLinkPageTest" time="5.528"/>
  <testcase classname="com.phpTravels.qa.testcases.HomePageTest" name="selectCheckinDateTest" time="5.908"/>
  <testcase classname="com.phpTravels.qa.testcases.HomePageTest" name="searchHoteslsTest" time="11.698"/>
</testsuite> <!-- com.phpTravels.qa.testcases.HomePageTest -->
